<?xml version="1.0" encoding="UTF-8"?>
<testsuite name="com.Ankita.Parking_Lot_TC.ParkingLotFinalTest" tests="1" skipped="0" failures="0" errors="0" timestamp="2021-04-22T19:22:17" hostname="DESKTOP-FCSHS5L" time="0.048">
  <properties/>
  <testcase name="shouldReturn_vehicles_iInParkingLotSystem_ParkedBefore30min" classname="com.Ankita.Parking_Lot_TC.ParkingLotFinalTest" time="0.048"/>
  <system-out><![CDATA[]]></system-out>
  <system-err><![CDATA[]]></system-err>
</testsuite>
